<?xml version="1.0" encoding="UTF-8" ?>
<testsuite tests="3" failures="0" name="org.realtors.rets.common.metadata.attrib.AttrAlphanumTest" time="0" errors="0" skipped="0">
  <properties>
[...]
</properties>
  <testcase classname="org.realtors.rets.common.metadata.attrib.AttrAlphanumTest" name="testAlphanum" time="0"/>
  <testcase classname="org.realtors.rets.common.metadata.attrib.AttrAlphanumTest" name="testFailures" time="0"/>
  <testcase classname="org.realtors.rets.common.metadata.attrib.AttrAlphanumTest" name="testLength" time="0"/>
</testsuite>